<?xml version="1.0" encoding="UTF-8"?>
<!-- Generated by org.testng.reporters.JUnitReportReporter -->
<testsuite hostname="LAPTOP-M3RVVEN1" failures="0" tests="1" name="com.itt.ndm.tests.WidgetLibraryTest" time="46.659" errors="0" timestamp="2021-08-02T12:57:59 IST" skipped="0">
  <testcase classname="com.itt.ndm.tests.WidgetLibraryTest" name="testClickOnWidgets" time="46.659"/>
  <system-out/>
</testsuite> <!-- com.itt.ndm.tests.WidgetLibraryTest -->
