<?xml version="1.0" encoding="UTF-8"?>
<!-- Generated by org.testng.reporters.JUnitReportReporter -->
<testsuite hostname="LAPTOP-M3RVVEN1" failures="0" tests="1" name="com.itt.spend.tests.WidgetLibraryTest" time="44.161" errors="0" timestamp="2021-08-03T12:18:50 IST" skipped="0">
  <testcase classname="com.itt.spend.tests.WidgetLibraryTest" name="testClickOnWidgets" time="44.161"/>
  <system-out/>
</testsuite> <!-- com.itt.spend.tests.WidgetLibraryTest -->
