<?xml version="1.0" encoding="UTF-8"?>
<!-- Generated by org.testng.reporters.JUnitReportReporter -->
<testsuite hostname="LAPTOP-M3RVVEN1" failures="0" tests="1" name="com.itt.spend.tests.InventoryWidgetTest" time="55.859" errors="0" timestamp="2021-08-03T16:35:27 IST" skipped="0">
  <testcase classname="com.itt.spend.tests.InventoryWidgetTest" name="testClickOnWidgets" time="55.859"/>
  <system-out/>
</testsuite> <!-- com.itt.spend.tests.InventoryWidgetTest -->
