<?xml version="1.0" encoding="UTF-8"?>
<!-- Generated by org.testng.reporters.JUnitReportReporter -->
<testsuite hostname="LAPTOP-M3RVVEN1" failures="0" tests="1" name="com.itt.ndm.tests.OperatorUserLoginTest" time="21.109" errors="0" timestamp="2021-08-02T08:36:51 IST" skipped="0">
  <testcase classname="com.itt.ndm.tests.OperatorUserLoginTest" name="testOperatorUserLogin" time="21.109"/>
  <system-out/>
</testsuite> <!-- com.itt.ndm.tests.OperatorUserLoginTest -->
